Arguments: 
  /usr/local/bin/node /usr/share/yarn/bin/yarn.js dev

PATH: 
  /home/christian/.rvm/gems/ruby-2.1.2/bin:/home/christian/.rvm/gems/ruby-2.1.2@global/bin:/home/christian/.rvm/rubies/ruby-2.1.2/bin:/usr/local/sbin:/usr/local/bin:/usr/sbin:/usr/bin:/sbin:/bin:/usr/games:/usr/local/games:/usr/lib/jvm/java-8-oracle/bin:/usr/lib/jvm/java-8-oracle/db/bin:/usr/lib/jvm/java-8-oracle/jre/bin:/home/christian/.rvm/bin:/home/christian/Android/Sdk/tools:/home/christian/Android/Sdk/platform-tools:/home/christian/.yarn/bin

Yarn version: 
  1.5.1

Node version: 
  9.6.1

Platform: 
  linux x64

npm manifest: 
  {
    "name": "cmoformvalidate",
    "version": "1.0.4",
    "description": "Ligth Validation Library",
    "main": "./src/cmoFormValidate.js",
    "scripts": {
      "test": "echo \"Error: no test specified\" && exit 1",
      "minify": "uglifyjs ./src/cmoFormValidate.js -c -o ./src/cmoFormValidate.min.js"
    },
    "repository": {
      "type": "git",
      "url": "git+https://github.com/Christianmo/CMOFormValidate.git"
    },
    "keywords": [],
    "author": "",
    "license": "ISC",
    "bugs": {
      "url": "https://github.com/Christianmo/CMOFormValidate/issues"
    },
    "homepage": "https://github.com/Christianmo/CMOFormValidate#readme",
    "devDependencies": {
      "uglify-js": "^3.3.5"
    }
  }

yarn manifest: 
  No manifest

Lockfile: 
  No lockfile

Trace: 
  Error: Command "dev" not found.
      at new MessageError (/usr/share/yarn/lib/cli.js:186:110)
      at /usr/share/yarn/lib/cli.js:87307:17
      at Generator.next (<anonymous>)
      at step (/usr/share/yarn/lib/cli.js:98:30)
      at /usr/share/yarn/lib/cli.js:116:14
      at new Promise (<anonymous>)
      at new F (/usr/share/yarn/lib/cli.js:23451:28)
      at /usr/share/yarn/lib/cli.js:95:12
      at runCommand (/usr/share/yarn/lib/cli.js:87312:22)
      at Object.<anonymous> (/usr/share/yarn/lib/cli.js:87412:14)
